<?xml version="1.0" encoding="UTF-8"?>
<testng-results skipped="0" failed="0" ignored="0" total="1" passed="1">
  <reporter-output>
  </reporter-output>
  <suite name="Default suite" duration-ms="36504" started-at="2021-07-11T22:42:13Z" finished-at="2021-07-11T22:42:50Z">
    <groups>
    </groups>
    <test name="Default test" duration-ms="36504" started-at="2021-07-11T22:42:13Z" finished-at="2021-07-11T22:42:50Z">
      <class name="Tests.NewTest">
        <test-method status="PASS" signature="f()[pri:0, instance:Tests.NewTest@3abbfa04]" name="f" duration-ms="36485" started-at="2021-07-12T04:12:13Z" finished-at="2021-07-12T04:12:50Z">
          <reporter-output>
          </reporter-output>
        </test-method> <!-- f -->
      </class> <!-- Tests.NewTest -->
    </test> <!-- Default test -->
  </suite> <!-- Default suite -->
</testng-results>
