<?xml version="1.0" encoding="UTF-8"?>
<testng-results skipped="0" failed="0" ignored="0" total="1" passed="1">
  <reporter-output>
  </reporter-output>
  <suite name="Suite" duration-ms="23589" started-at="2021-07-10T09:53:00Z" finished-at="2021-07-10T09:53:23Z">
    <groups>
    </groups>
    <test name="Test" duration-ms="23589" started-at="2021-07-10T09:53:00Z" finished-at="2021-07-10T09:53:23Z">
      <class name="Tests.NewTest">
        <test-method status="PASS" signature="f()[pri:0, instance:Tests.NewTest@3abbfa04]" name="f" duration-ms="23572" started-at="2021-07-10T15:23:00Z" finished-at="2021-07-10T15:23:23Z">
          <reporter-output>
          </reporter-output>
        </test-method> <!-- f -->
      </class> <!-- Tests.NewTest -->
    </test> <!-- Test -->
  </suite> <!-- Suite -->
</testng-results>
